block in append_cflags: checking for whether -fstack-protector-strong -D_FORTIFY_SOURCE=2 is accepted as CFLAGS... -------------------- yes

PATH=".;D:/Programs/Ruby32/lib;D:\Programs\Ruby32\bin;D:\Programs\Ruby32\msys32\mingw32\bin;D:\Programs\Ruby32\msys32\usr\bin;C:\Python311\Scripts\;C:\Python311\;C:\Program Files\Common Files\Oracle\Java\javapath;C:\WINDOWS\system32;C:\WINDOWS;C:\WINDOWS\System32\Wbem;C:\WINDOWS\System32\WindowsPowerShell\v1.0\;C:\WINDOWS\System32\OpenSSH\;C:\Program Files\Git\cmd;C:\Program Files\Go\bin;C:\Users\ACER\AppData\Local\Packages\PythonSoftwareFoundation.Python.3.10_qbz5n2kfra8p0\LocalCache\local-packages\Python310\Scripts;D:\data_bases\Postgrees\bin;D:\OSPanel\modules\php\PHP_7.2;D:\programs\apache-maven-3.8.6-bin\apache-maven-3.8.6\bin;C:\ProgramData\chocolatey\bin;D:\utils\Flutter\flutter_windows_3.7.4-stable\flutter\bin;C:\Program Files\NVIDIA Corporation\NVIDIA NvDLISR;C:\Program Files (x86)\NVIDIA Corporation\PhysX\Common;D:\programs\Eclipse\eclipse;D:\utils\jdk-21;C:\Program Files\PuTTY\;C:\Program Files (x86)\Pulse Secure\VC142.CRT\X64\;C:\Program Files (x86)\Pulse Secure\VC142.CRT\X86\;C:\Program Files (x86)\Common Files\Pulse Secure\TNC Client Plugin\;C:\Program Files\nodejs\;D:\programs\MSYS2\ucrt64\bin;D:\programs\CMake\bin;D:\programs\Make\GnuWin32\bin;;C:\Program Files\Docker\Docker\resources\bin;D:\Programs\Yarn\bin\;D:\Programs\Ruby32\bin;D:\Programs\RailsInstaller\Ruby2.3.3\bin;C:\RailsInstaller\Git\cmd;C:\RailsInstaller\Ruby2.3.3\bin;D:\Programs\RailsInstaller\RailsInstaller\Git\cmd;D:\Programs\RailsInstaller\RailsInstaller\Ruby2.3.3\bin;C:\Ruby31-x64\bin;C:\Users\ACER\AppData\Local\Microsoft\WindowsApps;C:\Users\ACER\AppData\Local\Programs\Microsoft VS Code\bin;C:\Users\ACER\go\bin;C:\Users\ACER\AppData\Local\Packages\PythonSoftwareFoundation.Python.3.10_qbz5n2kfra8p0\LocalCache\local-packages\Python310\Scripts;C:\Users\ACER\AppData\Roaming\npm;C:\Users\ACER\AppData\Local\Yarn\bin" "gcc -o conftest.exe -ID:/Programs/Ruby32/include/ruby-3.2.0/i386-mingw32 -ID:/Programs/Ruby32/include/ruby-3.2.0/ruby/backward -ID:/Programs/Ruby32/include/ruby-3.2.0 -I. -D__USE_MINGW_ANSI_STDIO=1 -DFD_SETSIZE=2048 -D_WIN32_WINNT=0x0600 -D__MINGW_USE_VC2005_COMPAT -D_FILE_OFFSET_BITS=64  -O3 -fno-fast-math -fstack-protector-strong conftest.c  -L. -LD:/Programs/Ruby32/lib -L. -pipe -s -fstack-protector-strong -Wl,--no-as-needed     -lmsvcrt-ruby320  -lshell32 -lws2_32 -liphlpapi -limagehlp -lshlwapi -lbcrypt  "
checked program was:
/* begin */
1: #include "ruby.h"
2: 
3: #include <winsock2.h>
4: #include <windows.h>
5: int main(int argc, char **argv)
6: {
7:   return !!argv[argc];
8: }
/* end */

PATH=".;D:/Programs/Ruby32/lib;D:\Programs\Ruby32\bin;D:\Programs\Ruby32\msys32\mingw32\bin;D:\Programs\Ruby32\msys32\usr\bin;C:\Python311\Scripts\;C:\Python311\;C:\Program Files\Common Files\Oracle\Java\javapath;C:\WINDOWS\system32;C:\WINDOWS;C:\WINDOWS\System32\Wbem;C:\WINDOWS\System32\WindowsPowerShell\v1.0\;C:\WINDOWS\System32\OpenSSH\;C:\Program Files\Git\cmd;C:\Program Files\Go\bin;C:\Users\ACER\AppData\Local\Packages\PythonSoftwareFoundation.Python.3.10_qbz5n2kfra8p0\LocalCache\local-packages\Python310\Scripts;D:\data_bases\Postgrees\bin;D:\OSPanel\modules\php\PHP_7.2;D:\programs\apache-maven-3.8.6-bin\apache-maven-3.8.6\bin;C:\ProgramData\chocolatey\bin;D:\utils\Flutter\flutter_windows_3.7.4-stable\flutter\bin;C:\Program Files\NVIDIA Corporation\NVIDIA NvDLISR;C:\Program Files (x86)\NVIDIA Corporation\PhysX\Common;D:\programs\Eclipse\eclipse;D:\utils\jdk-21;C:\Program Files\PuTTY\;C:\Program Files (x86)\Pulse Secure\VC142.CRT\X64\;C:\Program Files (x86)\Pulse Secure\VC142.CRT\X86\;C:\Program Files (x86)\Common Files\Pulse Secure\TNC Client Plugin\;C:\Program Files\nodejs\;D:\programs\MSYS2\ucrt64\bin;D:\programs\CMake\bin;D:\programs\Make\GnuWin32\bin;;C:\Program Files\Docker\Docker\resources\bin;D:\Programs\Yarn\bin\;D:\Programs\Ruby32\bin;D:\Programs\RailsInstaller\Ruby2.3.3\bin;C:\RailsInstaller\Git\cmd;C:\RailsInstaller\Ruby2.3.3\bin;D:\Programs\RailsInstaller\RailsInstaller\Git\cmd;D:\Programs\RailsInstaller\RailsInstaller\Ruby2.3.3\bin;C:\Ruby31-x64\bin;C:\Users\ACER\AppData\Local\Microsoft\WindowsApps;C:\Users\ACER\AppData\Local\Programs\Microsoft VS Code\bin;C:\Users\ACER\go\bin;C:\Users\ACER\AppData\Local\Packages\PythonSoftwareFoundation.Python.3.10_qbz5n2kfra8p0\LocalCache\local-packages\Python310\Scripts;C:\Users\ACER\AppData\Roaming\npm;C:\Users\ACER\AppData\Local\Yarn\bin" "gcc -ID:/Programs/Ruby32/include/ruby-3.2.0/i386-mingw32 -ID:/Programs/Ruby32/include/ruby-3.2.0/ruby/backward -ID:/Programs/Ruby32/include/ruby-3.2.0 -I. -D__USE_MINGW_ANSI_STDIO=1 -DFD_SETSIZE=2048 -D_WIN32_WINNT=0x0600 -D__MINGW_USE_VC2005_COMPAT -D_FILE_OFFSET_BITS=64  -O3 -fno-fast-math -fstack-protector-strong  -fstack-protector-strong -D_FORTIFY_SOURCE=2 -Werror -c conftest.c"
checked program was:
/* begin */
1: #include "ruby.h"
2: 
3: #include <winsock2.h>
4: #include <windows.h>
5: int main(int argc, char **argv)
6: {
7:   return !!argv[argc];
8: }
/* end */

--------------------

block in append_ldflags: checking for whether -fstack-protector-strong -l:libssp.a is accepted as LDFLAGS... -------------------- yes

PATH=".;D:/Programs/Ruby32/lib;D:\Programs\Ruby32\bin;D:\Programs\Ruby32\msys32\mingw32\bin;D:\Programs\Ruby32\msys32\usr\bin;C:\Python311\Scripts\;C:\Python311\;C:\Program Files\Common Files\Oracle\Java\javapath;C:\WINDOWS\system32;C:\WINDOWS;C:\WINDOWS\System32\Wbem;C:\WINDOWS\System32\WindowsPowerShell\v1.0\;C:\WINDOWS\System32\OpenSSH\;C:\Program Files\Git\cmd;C:\Program Files\Go\bin;C:\Users\ACER\AppData\Local\Packages\PythonSoftwareFoundation.Python.3.10_qbz5n2kfra8p0\LocalCache\local-packages\Python310\Scripts;D:\data_bases\Postgrees\bin;D:\OSPanel\modules\php\PHP_7.2;D:\programs\apache-maven-3.8.6-bin\apache-maven-3.8.6\bin;C:\ProgramData\chocolatey\bin;D:\utils\Flutter\flutter_windows_3.7.4-stable\flutter\bin;C:\Program Files\NVIDIA Corporation\NVIDIA NvDLISR;C:\Program Files (x86)\NVIDIA Corporation\PhysX\Common;D:\programs\Eclipse\eclipse;D:\utils\jdk-21;C:\Program Files\PuTTY\;C:\Program Files (x86)\Pulse Secure\VC142.CRT\X64\;C:\Program Files (x86)\Pulse Secure\VC142.CRT\X86\;C:\Program Files (x86)\Common Files\Pulse Secure\TNC Client Plugin\;C:\Program Files\nodejs\;D:\programs\MSYS2\ucrt64\bin;D:\programs\CMake\bin;D:\programs\Make\GnuWin32\bin;;C:\Program Files\Docker\Docker\resources\bin;D:\Programs\Yarn\bin\;D:\Programs\Ruby32\bin;D:\Programs\RailsInstaller\Ruby2.3.3\bin;C:\RailsInstaller\Git\cmd;C:\RailsInstaller\Ruby2.3.3\bin;D:\Programs\RailsInstaller\RailsInstaller\Git\cmd;D:\Programs\RailsInstaller\RailsInstaller\Ruby2.3.3\bin;C:\Ruby31-x64\bin;C:\Users\ACER\AppData\Local\Microsoft\WindowsApps;C:\Users\ACER\AppData\Local\Programs\Microsoft VS Code\bin;C:\Users\ACER\go\bin;C:\Users\ACER\AppData\Local\Packages\PythonSoftwareFoundation.Python.3.10_qbz5n2kfra8p0\LocalCache\local-packages\Python310\Scripts;C:\Users\ACER\AppData\Roaming\npm;C:\Users\ACER\AppData\Local\Yarn\bin" "gcc -o conftest.exe -ID:/Programs/Ruby32/include/ruby-3.2.0/i386-mingw32 -ID:/Programs/Ruby32/include/ruby-3.2.0/ruby/backward -ID:/Programs/Ruby32/include/ruby-3.2.0 -I. -D__USE_MINGW_ANSI_STDIO=1 -DFD_SETSIZE=2048 -D_WIN32_WINNT=0x0600 -D__MINGW_USE_VC2005_COMPAT -D_FILE_OFFSET_BITS=64  -O3 -fno-fast-math -fstack-protector-strong -fstack-protector-strong -D_FORTIFY_SOURCE=2 conftest.c  -L. -LD:/Programs/Ruby32/lib -L. -pipe -s -fstack-protector-strong -Wl,--no-as-needed     -lmsvcrt-ruby320 -fstack-protector-strong -l:libssp.a -lshell32 -lws2_32 -liphlpapi -limagehlp -lshlwapi -lbcrypt  "
checked program was:
/* begin */
1: #include "ruby.h"
2: 
3: #include <winsock2.h>
4: #include <windows.h>
5: int main(int argc, char **argv)
6: {
7:   return !!argv[argc];
8: }
/* end */

--------------------

have_library: checking for -lssp... -------------------- yes

PATH=".;D:/Programs/Ruby32/lib;D:\Programs\Ruby32\bin;D:\Programs\Ruby32\msys32\mingw32\bin;D:\Programs\Ruby32\msys32\usr\bin;C:\Python311\Scripts\;C:\Python311\;C:\Program Files\Common Files\Oracle\Java\javapath;C:\WINDOWS\system32;C:\WINDOWS;C:\WINDOWS\System32\Wbem;C:\WINDOWS\System32\WindowsPowerShell\v1.0\;C:\WINDOWS\System32\OpenSSH\;C:\Program Files\Git\cmd;C:\Program Files\Go\bin;C:\Users\ACER\AppData\Local\Packages\PythonSoftwareFoundation.Python.3.10_qbz5n2kfra8p0\LocalCache\local-packages\Python310\Scripts;D:\data_bases\Postgrees\bin;D:\OSPanel\modules\php\PHP_7.2;D:\programs\apache-maven-3.8.6-bin\apache-maven-3.8.6\bin;C:\ProgramData\chocolatey\bin;D:\utils\Flutter\flutter_windows_3.7.4-stable\flutter\bin;C:\Program Files\NVIDIA Corporation\NVIDIA NvDLISR;C:\Program Files (x86)\NVIDIA Corporation\PhysX\Common;D:\programs\Eclipse\eclipse;D:\utils\jdk-21;C:\Program Files\PuTTY\;C:\Program Files (x86)\Pulse Secure\VC142.CRT\X64\;C:\Program Files (x86)\Pulse Secure\VC142.CRT\X86\;C:\Program Files (x86)\Common Files\Pulse Secure\TNC Client Plugin\;C:\Program Files\nodejs\;D:\programs\MSYS2\ucrt64\bin;D:\programs\CMake\bin;D:\programs\Make\GnuWin32\bin;;C:\Program Files\Docker\Docker\resources\bin;D:\Programs\Yarn\bin\;D:\Programs\Ruby32\bin;D:\Programs\RailsInstaller\Ruby2.3.3\bin;C:\RailsInstaller\Git\cmd;C:\RailsInstaller\Ruby2.3.3\bin;D:\Programs\RailsInstaller\RailsInstaller\Git\cmd;D:\Programs\RailsInstaller\RailsInstaller\Ruby2.3.3\bin;C:\Ruby31-x64\bin;C:\Users\ACER\AppData\Local\Microsoft\WindowsApps;C:\Users\ACER\AppData\Local\Programs\Microsoft VS Code\bin;C:\Users\ACER\go\bin;C:\Users\ACER\AppData\Local\Packages\PythonSoftwareFoundation.Python.3.10_qbz5n2kfra8p0\LocalCache\local-packages\Python310\Scripts;C:\Users\ACER\AppData\Roaming\npm;C:\Users\ACER\AppData\Local\Yarn\bin" "gcc -o conftest.exe -ID:/Programs/Ruby32/include/ruby-3.2.0/i386-mingw32 -ID:/Programs/Ruby32/include/ruby-3.2.0/ruby/backward -ID:/Programs/Ruby32/include/ruby-3.2.0 -I. -D__USE_MINGW_ANSI_STDIO=1 -DFD_SETSIZE=2048 -D_WIN32_WINNT=0x0600 -D__MINGW_USE_VC2005_COMPAT -D_FILE_OFFSET_BITS=64  -O3 -fno-fast-math -fstack-protector-strong -fstack-protector-strong -D_FORTIFY_SOURCE=2 conftest.c  -L. -LD:/Programs/Ruby32/lib -L. -pipe -s -fstack-protector-strong -Wl,--no-as-needed -fstack-protector-strong -l:libssp.a     -lmsvcrt-ruby320 -lssp  -lshell32 -lws2_32 -liphlpapi -limagehlp -lshlwapi -lbcrypt  "
checked program was:
/* begin */
 1: #include "ruby.h"
 2: 
 3: #include <winsock2.h>
 4: #include <windows.h>
 5: 
 6: /*top*/
 7: extern int t(void);
 8: int main(int argc, char **argv)
 9: {
10:   if (argc > 1000000) {
11:     int (* volatile tp)(void)=(int (*)(void))&t;
12:     printf("%d", (*tp)());
13:   }
14: 
15:   return !!argv[argc];
16: }
17: 
18: int t(void) { ; return 0; }
/* end */

--------------------

PATH=".;D:/Programs/Ruby32/lib;D:\Programs\Ruby32\bin;D:\Programs\Ruby32\msys32\mingw32\bin;D:\Programs\Ruby32\msys32\usr\bin;C:\Python311\Scripts\;C:\Python311\;C:\Program Files\Common Files\Oracle\Java\javapath;C:\WINDOWS\system32;C:\WINDOWS;C:\WINDOWS\System32\Wbem;C:\WINDOWS\System32\WindowsPowerShell\v1.0\;C:\WINDOWS\System32\OpenSSH\;C:\Program Files\Git\cmd;C:\Program Files\Go\bin;C:\Users\ACER\AppData\Local\Packages\PythonSoftwareFoundation.Python.3.10_qbz5n2kfra8p0\LocalCache\local-packages\Python310\Scripts;D:\data_bases\Postgrees\bin;D:\OSPanel\modules\php\PHP_7.2;D:\programs\apache-maven-3.8.6-bin\apache-maven-3.8.6\bin;C:\ProgramData\chocolatey\bin;D:\utils\Flutter\flutter_windows_3.7.4-stable\flutter\bin;C:\Program Files\NVIDIA Corporation\NVIDIA NvDLISR;C:\Program Files (x86)\NVIDIA Corporation\PhysX\Common;D:\programs\Eclipse\eclipse;D:\utils\jdk-21;C:\Program Files\PuTTY\;C:\Program Files (x86)\Pulse Secure\VC142.CRT\X64\;C:\Program Files (x86)\Pulse Secure\VC142.CRT\X86\;C:\Program Files (x86)\Common Files\Pulse Secure\TNC Client Plugin\;C:\Program Files\nodejs\;D:\programs\MSYS2\ucrt64\bin;D:\programs\CMake\bin;D:\programs\Make\GnuWin32\bin;;C:\Program Files\Docker\Docker\resources\bin;D:\Programs\Yarn\bin\;D:\Programs\Ruby32\bin;D:\Programs\RailsInstaller\Ruby2.3.3\bin;C:\RailsInstaller\Git\cmd;C:\RailsInstaller\Ruby2.3.3\bin;D:\Programs\RailsInstaller\RailsInstaller\Git\cmd;D:\Programs\RailsInstaller\RailsInstaller\Ruby2.3.3\bin;C:\Ruby31-x64\bin;C:\Users\ACER\AppData\Local\Microsoft\WindowsApps;C:\Users\ACER\AppData\Local\Programs\Microsoft VS Code\bin;C:\Users\ACER\go\bin;C:\Users\ACER\AppData\Local\Packages\PythonSoftwareFoundation.Python.3.10_qbz5n2kfra8p0\LocalCache\local-packages\Python310\Scripts;C:\Users\ACER\AppData\Roaming\npm;C:\Users\ACER\AppData\Local\Yarn\bin" i686-w64-mingw32-pkg-config --exists openssl
package configuration for openssl is not found
have_library: checking for BIO_read() in -llibcrypto... -------------------- no

PATH=".;D:/Programs/Ruby32/lib;D:\Programs\Ruby32\bin;D:\Programs\Ruby32\msys32\mingw32\bin;D:\Programs\Ruby32\msys32\usr\bin;C:\Python311\Scripts\;C:\Python311\;C:\Program Files\Common Files\Oracle\Java\javapath;C:\WINDOWS\system32;C:\WINDOWS;C:\WINDOWS\System32\Wbem;C:\WINDOWS\System32\WindowsPowerShell\v1.0\;C:\WINDOWS\System32\OpenSSH\;C:\Program Files\Git\cmd;C:\Program Files\Go\bin;C:\Users\ACER\AppData\Local\Packages\PythonSoftwareFoundation.Python.3.10_qbz5n2kfra8p0\LocalCache\local-packages\Python310\Scripts;D:\data_bases\Postgrees\bin;D:\OSPanel\modules\php\PHP_7.2;D:\programs\apache-maven-3.8.6-bin\apache-maven-3.8.6\bin;C:\ProgramData\chocolatey\bin;D:\utils\Flutter\flutter_windows_3.7.4-stable\flutter\bin;C:\Program Files\NVIDIA Corporation\NVIDIA NvDLISR;C:\Program Files (x86)\NVIDIA Corporation\PhysX\Common;D:\programs\Eclipse\eclipse;D:\utils\jdk-21;C:\Program Files\PuTTY\;C:\Program Files (x86)\Pulse Secure\VC142.CRT\X64\;C:\Program Files (x86)\Pulse Secure\VC142.CRT\X86\;C:\Program Files (x86)\Common Files\Pulse Secure\TNC Client Plugin\;C:\Program Files\nodejs\;D:\programs\MSYS2\ucrt64\bin;D:\programs\CMake\bin;D:\programs\Make\GnuWin32\bin;;C:\Program Files\Docker\Docker\resources\bin;D:\Programs\Yarn\bin\;D:\Programs\Ruby32\bin;D:\Programs\RailsInstaller\Ruby2.3.3\bin;C:\RailsInstaller\Git\cmd;C:\RailsInstaller\Ruby2.3.3\bin;D:\Programs\RailsInstaller\RailsInstaller\Git\cmd;D:\Programs\RailsInstaller\RailsInstaller\Ruby2.3.3\bin;C:\Ruby31-x64\bin;C:\Users\ACER\AppData\Local\Microsoft\WindowsApps;C:\Users\ACER\AppData\Local\Programs\Microsoft VS Code\bin;C:\Users\ACER\go\bin;C:\Users\ACER\AppData\Local\Packages\PythonSoftwareFoundation.Python.3.10_qbz5n2kfra8p0\LocalCache\local-packages\Python310\Scripts;C:\Users\ACER\AppData\Roaming\npm;C:\Users\ACER\AppData\Local\Yarn\bin" "gcc -o conftest.exe -ID:/Programs/Ruby32/include/ruby-3.2.0/i386-mingw32 -ID:/Programs/Ruby32/include/ruby-3.2.0/ruby/backward -ID:/Programs/Ruby32/include/ruby-3.2.0 -I. -D__USE_MINGW_ANSI_STDIO=1 -DFD_SETSIZE=2048 -D_WIN32_WINNT=0x0600 -D__MINGW_USE_VC2005_COMPAT -D_FILE_OFFSET_BITS=64  -O3 -fno-fast-math -fstack-protector-strong -fstack-protector-strong -D_FORTIFY_SOURCE=2 conftest.c  -L. -LD:/Programs/Ruby32/lib -L. -pipe -s -fstack-protector-strong -Wl,--no-as-needed -fstack-protector-strong -l:libssp.a    -lssp  -lmsvcrt-ruby320 -llibcrypto -lssp  -lshell32 -lws2_32 -liphlpapi -limagehlp -lshlwapi -lbcrypt  "
conftest.c: In function 't':
conftest.c:17:57: error: 'BIO_read' undeclared (first use in this function); did you mean '_read'?
   17 | int t(void) { void ((*volatile p)()); p = (void ((*)()))BIO_read; return !p; }
      |                                                         ^~~~~~~~
      |                                                         _read
conftest.c:17:57: note: each undeclared identifier is reported only once for each function it appears in
checked program was:
/* begin */
 1: #include "ruby.h"
 2: 
 3: #include <winsock2.h>
 4: #include <windows.h>
 5: 
 6: /*top*/
 7: extern int t(void);
 8: int main(int argc, char **argv)
 9: {
10:   if (argc > 1000000) {
11:     int (* volatile tp)(void)=(int (*)(void))&t;
12:     printf("%d", (*tp)());
13:   }
14: 
15:   return !!argv[argc];
16: }
17: int t(void) { void ((*volatile p)()); p = (void ((*)()))BIO_read; return !p; }
/* end */

PATH=".;D:/Programs/Ruby32/lib;D:\Programs\Ruby32\bin;D:\Programs\Ruby32\msys32\mingw32\bin;D:\Programs\Ruby32\msys32\usr\bin;C:\Python311\Scripts\;C:\Python311\;C:\Program Files\Common Files\Oracle\Java\javapath;C:\WINDOWS\system32;C:\WINDOWS;C:\WINDOWS\System32\Wbem;C:\WINDOWS\System32\WindowsPowerShell\v1.0\;C:\WINDOWS\System32\OpenSSH\;C:\Program Files\Git\cmd;C:\Program Files\Go\bin;C:\Users\ACER\AppData\Local\Packages\PythonSoftwareFoundation.Python.3.10_qbz5n2kfra8p0\LocalCache\local-packages\Python310\Scripts;D:\data_bases\Postgrees\bin;D:\OSPanel\modules\php\PHP_7.2;D:\programs\apache-maven-3.8.6-bin\apache-maven-3.8.6\bin;C:\ProgramData\chocolatey\bin;D:\utils\Flutter\flutter_windows_3.7.4-stable\flutter\bin;C:\Program Files\NVIDIA Corporation\NVIDIA NvDLISR;C:\Program Files (x86)\NVIDIA Corporation\PhysX\Common;D:\programs\Eclipse\eclipse;D:\utils\jdk-21;C:\Program Files\PuTTY\;C:\Program Files (x86)\Pulse Secure\VC142.CRT\X64\;C:\Program Files (x86)\Pulse Secure\VC142.CRT\X86\;C:\Program Files (x86)\Common Files\Pulse Secure\TNC Client Plugin\;C:\Program Files\nodejs\;D:\programs\MSYS2\ucrt64\bin;D:\programs\CMake\bin;D:\programs\Make\GnuWin32\bin;;C:\Program Files\Docker\Docker\resources\bin;D:\Programs\Yarn\bin\;D:\Programs\Ruby32\bin;D:\Programs\RailsInstaller\Ruby2.3.3\bin;C:\RailsInstaller\Git\cmd;C:\RailsInstaller\Ruby2.3.3\bin;D:\Programs\RailsInstaller\RailsInstaller\Git\cmd;D:\Programs\RailsInstaller\RailsInstaller\Ruby2.3.3\bin;C:\Ruby31-x64\bin;C:\Users\ACER\AppData\Local\Microsoft\WindowsApps;C:\Users\ACER\AppData\Local\Programs\Microsoft VS Code\bin;C:\Users\ACER\go\bin;C:\Users\ACER\AppData\Local\Packages\PythonSoftwareFoundation.Python.3.10_qbz5n2kfra8p0\LocalCache\local-packages\Python310\Scripts;C:\Users\ACER\AppData\Roaming\npm;C:\Users\ACER\AppData\Local\Yarn\bin" "gcc -o conftest.exe -ID:/Programs/Ruby32/include/ruby-3.2.0/i386-mingw32 -ID:/Programs/Ruby32/include/ruby-3.2.0/ruby/backward -ID:/Programs/Ruby32/include/ruby-3.2.0 -I. -D__USE_MINGW_ANSI_STDIO=1 -DFD_SETSIZE=2048 -D_WIN32_WINNT=0x0600 -D__MINGW_USE_VC2005_COMPAT -D_FILE_OFFSET_BITS=64  -O3 -fno-fast-math -fstack-protector-strong -fstack-protector-strong -D_FORTIFY_SOURCE=2 conftest.c  -L. -LD:/Programs/Ruby32/lib -L. -pipe -s -fstack-protector-strong -Wl,--no-as-needed -fstack-protector-strong -l:libssp.a    -lssp  -lmsvcrt-ruby320 -llibcrypto -lssp  -lshell32 -lws2_32 -liphlpapi -limagehlp -lshlwapi -lbcrypt  "
D:/Programs/Ruby32/msys32/mingw32/bin/../lib/gcc/i686-w64-mingw32/12.2.0/../../../../i686-w64-mingw32/bin/ld.exe: cannot find -llibcrypto: No such file or directory
collect2.exe: error: ld returned 1 exit status
checked program was:
/* begin */
 1: #include "ruby.h"
 2: 
 3: #include <winsock2.h>
 4: #include <windows.h>
 5: 
 6: /*top*/
 7: extern int t(void);
 8: int main(int argc, char **argv)
 9: {
10:   if (argc > 1000000) {
11:     int (* volatile tp)(void)=(int (*)(void))&t;
12:     printf("%d", (*tp)());
13:   }
14: 
15:   return !!argv[argc];
16: }
17: extern void BIO_read();
18: int t(void) { BIO_read(); return 0; }
/* end */

--------------------

have_library: checking for BIO_read() in -lcrypto... -------------------- no

PATH=".;D:/Programs/Ruby32/lib;D:\Programs\Ruby32\bin;D:\Programs\Ruby32\msys32\mingw32\bin;D:\Programs\Ruby32\msys32\usr\bin;C:\Python311\Scripts\;C:\Python311\;C:\Program Files\Common Files\Oracle\Java\javapath;C:\WINDOWS\system32;C:\WINDOWS;C:\WINDOWS\System32\Wbem;C:\WINDOWS\System32\WindowsPowerShell\v1.0\;C:\WINDOWS\System32\OpenSSH\;C:\Program Files\Git\cmd;C:\Program Files\Go\bin;C:\Users\ACER\AppData\Local\Packages\PythonSoftwareFoundation.Python.3.10_qbz5n2kfra8p0\LocalCache\local-packages\Python310\Scripts;D:\data_bases\Postgrees\bin;D:\OSPanel\modules\php\PHP_7.2;D:\programs\apache-maven-3.8.6-bin\apache-maven-3.8.6\bin;C:\ProgramData\chocolatey\bin;D:\utils\Flutter\flutter_windows_3.7.4-stable\flutter\bin;C:\Program Files\NVIDIA Corporation\NVIDIA NvDLISR;C:\Program Files (x86)\NVIDIA Corporation\PhysX\Common;D:\programs\Eclipse\eclipse;D:\utils\jdk-21;C:\Program Files\PuTTY\;C:\Program Files (x86)\Pulse Secure\VC142.CRT\X64\;C:\Program Files (x86)\Pulse Secure\VC142.CRT\X86\;C:\Program Files (x86)\Common Files\Pulse Secure\TNC Client Plugin\;C:\Program Files\nodejs\;D:\programs\MSYS2\ucrt64\bin;D:\programs\CMake\bin;D:\programs\Make\GnuWin32\bin;;C:\Program Files\Docker\Docker\resources\bin;D:\Programs\Yarn\bin\;D:\Programs\Ruby32\bin;D:\Programs\RailsInstaller\Ruby2.3.3\bin;C:\RailsInstaller\Git\cmd;C:\RailsInstaller\Ruby2.3.3\bin;D:\Programs\RailsInstaller\RailsInstaller\Git\cmd;D:\Programs\RailsInstaller\RailsInstaller\Ruby2.3.3\bin;C:\Ruby31-x64\bin;C:\Users\ACER\AppData\Local\Microsoft\WindowsApps;C:\Users\ACER\AppData\Local\Programs\Microsoft VS Code\bin;C:\Users\ACER\go\bin;C:\Users\ACER\AppData\Local\Packages\PythonSoftwareFoundation.Python.3.10_qbz5n2kfra8p0\LocalCache\local-packages\Python310\Scripts;C:\Users\ACER\AppData\Roaming\npm;C:\Users\ACER\AppData\Local\Yarn\bin" "gcc -o conftest.exe -ID:/Programs/Ruby32/include/ruby-3.2.0/i386-mingw32 -ID:/Programs/Ruby32/include/ruby-3.2.0/ruby/backward -ID:/Programs/Ruby32/include/ruby-3.2.0 -I. -D__USE_MINGW_ANSI_STDIO=1 -DFD_SETSIZE=2048 -D_WIN32_WINNT=0x0600 -D__MINGW_USE_VC2005_COMPAT -D_FILE_OFFSET_BITS=64  -O3 -fno-fast-math -fstack-protector-strong -fstack-protector-strong -D_FORTIFY_SOURCE=2 conftest.c  -L. -LD:/Programs/Ruby32/lib -L. -pipe -s -fstack-protector-strong -Wl,--no-as-needed -fstack-protector-strong -l:libssp.a    -lssp  -lmsvcrt-ruby320 -lcrypto -lssp  -lshell32 -lws2_32 -liphlpapi -limagehlp -lshlwapi -lbcrypt  "
conftest.c: In function 't':
conftest.c:17:57: error: 'BIO_read' undeclared (first use in this function); did you mean '_read'?
   17 | int t(void) { void ((*volatile p)()); p = (void ((*)()))BIO_read; return !p; }
      |                                                         ^~~~~~~~
      |                                                         _read
conftest.c:17:57: note: each undeclared identifier is reported only once for each function it appears in
checked program was:
/* begin */
 1: #include "ruby.h"
 2: 
 3: #include <winsock2.h>
 4: #include <windows.h>
 5: 
 6: /*top*/
 7: extern int t(void);
 8: int main(int argc, char **argv)
 9: {
10:   if (argc > 1000000) {
11:     int (* volatile tp)(void)=(int (*)(void))&t;
12:     printf("%d", (*tp)());
13:   }
14: 
15:   return !!argv[argc];
16: }
17: int t(void) { void ((*volatile p)()); p = (void ((*)()))BIO_read; return !p; }
/* end */

PATH=".;D:/Programs/Ruby32/lib;D:\Programs\Ruby32\bin;D:\Programs\Ruby32\msys32\mingw32\bin;D:\Programs\Ruby32\msys32\usr\bin;C:\Python311\Scripts\;C:\Python311\;C:\Program Files\Common Files\Oracle\Java\javapath;C:\WINDOWS\system32;C:\WINDOWS;C:\WINDOWS\System32\Wbem;C:\WINDOWS\System32\WindowsPowerShell\v1.0\;C:\WINDOWS\System32\OpenSSH\;C:\Program Files\Git\cmd;C:\Program Files\Go\bin;C:\Users\ACER\AppData\Local\Packages\PythonSoftwareFoundation.Python.3.10_qbz5n2kfra8p0\LocalCache\local-packages\Python310\Scripts;D:\data_bases\Postgrees\bin;D:\OSPanel\modules\php\PHP_7.2;D:\programs\apache-maven-3.8.6-bin\apache-maven-3.8.6\bin;C:\ProgramData\chocolatey\bin;D:\utils\Flutter\flutter_windows_3.7.4-stable\flutter\bin;C:\Program Files\NVIDIA Corporation\NVIDIA NvDLISR;C:\Program Files (x86)\NVIDIA Corporation\PhysX\Common;D:\programs\Eclipse\eclipse;D:\utils\jdk-21;C:\Program Files\PuTTY\;C:\Program Files (x86)\Pulse Secure\VC142.CRT\X64\;C:\Program Files (x86)\Pulse Secure\VC142.CRT\X86\;C:\Program Files (x86)\Common Files\Pulse Secure\TNC Client Plugin\;C:\Program Files\nodejs\;D:\programs\MSYS2\ucrt64\bin;D:\programs\CMake\bin;D:\programs\Make\GnuWin32\bin;;C:\Program Files\Docker\Docker\resources\bin;D:\Programs\Yarn\bin\;D:\Programs\Ruby32\bin;D:\Programs\RailsInstaller\Ruby2.3.3\bin;C:\RailsInstaller\Git\cmd;C:\RailsInstaller\Ruby2.3.3\bin;D:\Programs\RailsInstaller\RailsInstaller\Git\cmd;D:\Programs\RailsInstaller\RailsInstaller\Ruby2.3.3\bin;C:\Ruby31-x64\bin;C:\Users\ACER\AppData\Local\Microsoft\WindowsApps;C:\Users\ACER\AppData\Local\Programs\Microsoft VS Code\bin;C:\Users\ACER\go\bin;C:\Users\ACER\AppData\Local\Packages\PythonSoftwareFoundation.Python.3.10_qbz5n2kfra8p0\LocalCache\local-packages\Python310\Scripts;C:\Users\ACER\AppData\Roaming\npm;C:\Users\ACER\AppData\Local\Yarn\bin" "gcc -o conftest.exe -ID:/Programs/Ruby32/include/ruby-3.2.0/i386-mingw32 -ID:/Programs/Ruby32/include/ruby-3.2.0/ruby/backward -ID:/Programs/Ruby32/include/ruby-3.2.0 -I. -D__USE_MINGW_ANSI_STDIO=1 -DFD_SETSIZE=2048 -D_WIN32_WINNT=0x0600 -D__MINGW_USE_VC2005_COMPAT -D_FILE_OFFSET_BITS=64  -O3 -fno-fast-math -fstack-protector-strong -fstack-protector-strong -D_FORTIFY_SOURCE=2 conftest.c  -L. -LD:/Programs/Ruby32/lib -L. -pipe -s -fstack-protector-strong -Wl,--no-as-needed -fstack-protector-strong -l:libssp.a    -lssp  -lmsvcrt-ruby320 -lcrypto -lssp  -lshell32 -lws2_32 -liphlpapi -limagehlp -lshlwapi -lbcrypt  "
D:/Programs/Ruby32/msys32/mingw32/bin/../lib/gcc/i686-w64-mingw32/12.2.0/../../../../i686-w64-mingw32/bin/ld.exe: cannot find -lcrypto: No such file or directory
collect2.exe: error: ld returned 1 exit status
checked program was:
/* begin */
 1: #include "ruby.h"
 2: 
 3: #include <winsock2.h>
 4: #include <windows.h>
 5: 
 6: /*top*/
 7: extern int t(void);
 8: int main(int argc, char **argv)
 9: {
10:   if (argc > 1000000) {
11:     int (* volatile tp)(void)=(int (*)(void))&t;
12:     printf("%d", (*tp)());
13:   }
14: 
15:   return !!argv[argc];
16: }
17: extern void BIO_read();
18: int t(void) { BIO_read(); return 0; }
/* end */

--------------------

have_library: checking for BIO_read() in -llibeay32... -------------------- no

PATH=".;D:/Programs/Ruby32/lib;D:\Programs\Ruby32\bin;D:\Programs\Ruby32\msys32\mingw32\bin;D:\Programs\Ruby32\msys32\usr\bin;C:\Python311\Scripts\;C:\Python311\;C:\Program Files\Common Files\Oracle\Java\javapath;C:\WINDOWS\system32;C:\WINDOWS;C:\WINDOWS\System32\Wbem;C:\WINDOWS\System32\WindowsPowerShell\v1.0\;C:\WINDOWS\System32\OpenSSH\;C:\Program Files\Git\cmd;C:\Program Files\Go\bin;C:\Users\ACER\AppData\Local\Packages\PythonSoftwareFoundation.Python.3.10_qbz5n2kfra8p0\LocalCache\local-packages\Python310\Scripts;D:\data_bases\Postgrees\bin;D:\OSPanel\modules\php\PHP_7.2;D:\programs\apache-maven-3.8.6-bin\apache-maven-3.8.6\bin;C:\ProgramData\chocolatey\bin;D:\utils\Flutter\flutter_windows_3.7.4-stable\flutter\bin;C:\Program Files\NVIDIA Corporation\NVIDIA NvDLISR;C:\Program Files (x86)\NVIDIA Corporation\PhysX\Common;D:\programs\Eclipse\eclipse;D:\utils\jdk-21;C:\Program Files\PuTTY\;C:\Program Files (x86)\Pulse Secure\VC142.CRT\X64\;C:\Program Files (x86)\Pulse Secure\VC142.CRT\X86\;C:\Program Files (x86)\Common Files\Pulse Secure\TNC Client Plugin\;C:\Program Files\nodejs\;D:\programs\MSYS2\ucrt64\bin;D:\programs\CMake\bin;D:\programs\Make\GnuWin32\bin;;C:\Program Files\Docker\Docker\resources\bin;D:\Programs\Yarn\bin\;D:\Programs\Ruby32\bin;D:\Programs\RailsInstaller\Ruby2.3.3\bin;C:\RailsInstaller\Git\cmd;C:\RailsInstaller\Ruby2.3.3\bin;D:\Programs\RailsInstaller\RailsInstaller\Git\cmd;D:\Programs\RailsInstaller\RailsInstaller\Ruby2.3.3\bin;C:\Ruby31-x64\bin;C:\Users\ACER\AppData\Local\Microsoft\WindowsApps;C:\Users\ACER\AppData\Local\Programs\Microsoft VS Code\bin;C:\Users\ACER\go\bin;C:\Users\ACER\AppData\Local\Packages\PythonSoftwareFoundation.Python.3.10_qbz5n2kfra8p0\LocalCache\local-packages\Python310\Scripts;C:\Users\ACER\AppData\Roaming\npm;C:\Users\ACER\AppData\Local\Yarn\bin" "gcc -o conftest.exe -ID:/Programs/Ruby32/include/ruby-3.2.0/i386-mingw32 -ID:/Programs/Ruby32/include/ruby-3.2.0/ruby/backward -ID:/Programs/Ruby32/include/ruby-3.2.0 -I. -D__USE_MINGW_ANSI_STDIO=1 -DFD_SETSIZE=2048 -D_WIN32_WINNT=0x0600 -D__MINGW_USE_VC2005_COMPAT -D_FILE_OFFSET_BITS=64  -O3 -fno-fast-math -fstack-protector-strong -fstack-protector-strong -D_FORTIFY_SOURCE=2 conftest.c  -L. -LD:/Programs/Ruby32/lib -L. -pipe -s -fstack-protector-strong -Wl,--no-as-needed -fstack-protector-strong -l:libssp.a    -lssp  -lmsvcrt-ruby320 -llibeay32 -lssp  -lshell32 -lws2_32 -liphlpapi -limagehlp -lshlwapi -lbcrypt  "
conftest.c: In function 't':
conftest.c:17:57: error: 'BIO_read' undeclared (first use in this function); did you mean '_read'?
   17 | int t(void) { void ((*volatile p)()); p = (void ((*)()))BIO_read; return !p; }
      |                                                         ^~~~~~~~
      |                                                         _read
conftest.c:17:57: note: each undeclared identifier is reported only once for each function it appears in
checked program was:
/* begin */
 1: #include "ruby.h"
 2: 
 3: #include <winsock2.h>
 4: #include <windows.h>
 5: 
 6: /*top*/
 7: extern int t(void);
 8: int main(int argc, char **argv)
 9: {
10:   if (argc > 1000000) {
11:     int (* volatile tp)(void)=(int (*)(void))&t;
12:     printf("%d", (*tp)());
13:   }
14: 
15:   return !!argv[argc];
16: }
17: int t(void) { void ((*volatile p)()); p = (void ((*)()))BIO_read; return !p; }
/* end */

PATH=".;D:/Programs/Ruby32/lib;D:\Programs\Ruby32\bin;D:\Programs\Ruby32\msys32\mingw32\bin;D:\Programs\Ruby32\msys32\usr\bin;C:\Python311\Scripts\;C:\Python311\;C:\Program Files\Common Files\Oracle\Java\javapath;C:\WINDOWS\system32;C:\WINDOWS;C:\WINDOWS\System32\Wbem;C:\WINDOWS\System32\WindowsPowerShell\v1.0\;C:\WINDOWS\System32\OpenSSH\;C:\Program Files\Git\cmd;C:\Program Files\Go\bin;C:\Users\ACER\AppData\Local\Packages\PythonSoftwareFoundation.Python.3.10_qbz5n2kfra8p0\LocalCache\local-packages\Python310\Scripts;D:\data_bases\Postgrees\bin;D:\OSPanel\modules\php\PHP_7.2;D:\programs\apache-maven-3.8.6-bin\apache-maven-3.8.6\bin;C:\ProgramData\chocolatey\bin;D:\utils\Flutter\flutter_windows_3.7.4-stable\flutter\bin;C:\Program Files\NVIDIA Corporation\NVIDIA NvDLISR;C:\Program Files (x86)\NVIDIA Corporation\PhysX\Common;D:\programs\Eclipse\eclipse;D:\utils\jdk-21;C:\Program Files\PuTTY\;C:\Program Files (x86)\Pulse Secure\VC142.CRT\X64\;C:\Program Files (x86)\Pulse Secure\VC142.CRT\X86\;C:\Program Files (x86)\Common Files\Pulse Secure\TNC Client Plugin\;C:\Program Files\nodejs\;D:\programs\MSYS2\ucrt64\bin;D:\programs\CMake\bin;D:\programs\Make\GnuWin32\bin;;C:\Program Files\Docker\Docker\resources\bin;D:\Programs\Yarn\bin\;D:\Programs\Ruby32\bin;D:\Programs\RailsInstaller\Ruby2.3.3\bin;C:\RailsInstaller\Git\cmd;C:\RailsInstaller\Ruby2.3.3\bin;D:\Programs\RailsInstaller\RailsInstaller\Git\cmd;D:\Programs\RailsInstaller\RailsInstaller\Ruby2.3.3\bin;C:\Ruby31-x64\bin;C:\Users\ACER\AppData\Local\Microsoft\WindowsApps;C:\Users\ACER\AppData\Local\Programs\Microsoft VS Code\bin;C:\Users\ACER\go\bin;C:\Users\ACER\AppData\Local\Packages\PythonSoftwareFoundation.Python.3.10_qbz5n2kfra8p0\LocalCache\local-packages\Python310\Scripts;C:\Users\ACER\AppData\Roaming\npm;C:\Users\ACER\AppData\Local\Yarn\bin" "gcc -o conftest.exe -ID:/Programs/Ruby32/include/ruby-3.2.0/i386-mingw32 -ID:/Programs/Ruby32/include/ruby-3.2.0/ruby/backward -ID:/Programs/Ruby32/include/ruby-3.2.0 -I. -D__USE_MINGW_ANSI_STDIO=1 -DFD_SETSIZE=2048 -D_WIN32_WINNT=0x0600 -D__MINGW_USE_VC2005_COMPAT -D_FILE_OFFSET_BITS=64  -O3 -fno-fast-math -fstack-protector-strong -fstack-protector-strong -D_FORTIFY_SOURCE=2 conftest.c  -L. -LD:/Programs/Ruby32/lib -L. -pipe -s -fstack-protector-strong -Wl,--no-as-needed -fstack-protector-strong -l:libssp.a    -lssp  -lmsvcrt-ruby320 -llibeay32 -lssp  -lshell32 -lws2_32 -liphlpapi -limagehlp -lshlwapi -lbcrypt  "
D:/Programs/Ruby32/msys32/mingw32/bin/../lib/gcc/i686-w64-mingw32/12.2.0/../../../../i686-w64-mingw32/bin/ld.exe: cannot find -llibeay32: No such file or directory
collect2.exe: error: ld returned 1 exit status
checked program was:
/* begin */
 1: #include "ruby.h"
 2: 
 3: #include <winsock2.h>
 4: #include <windows.h>
 5: 
 6: /*top*/
 7: extern int t(void);
 8: int main(int argc, char **argv)
 9: {
10:   if (argc > 1000000) {
11:     int (* volatile tp)(void)=(int (*)(void))&t;
12:     printf("%d", (*tp)());
13:   }
14: 
15:   return !!argv[argc];
16: }
17: extern void BIO_read();
18: int t(void) { BIO_read(); return 0; }
/* end */

--------------------

